This is pdfTeX, Version 3.141592653-2.6-1.40.25 (TeX Live 2023/Arch Linux) (preloaded format=pdflatex 2024.1.28)  5 FEB 2024 13:53
entering extended mode
 restricted \write18 enabled.
 file:line:error style messages enabled.
 %&-line parsing enabled.
**zsm.tex
(./zsm.tex
LaTeX2e <2022-11-01> patch level 1
L3 programming layer <2023-02-22> (/usr/share/texmf-dist/tex/latex/base/article.cls
Document Class: article 2022/07/02 v1.4n Standard LaTeX document class
(/usr/share/texmf-dist/tex/latex/base/size11.clo
File: size11.clo 2022/07/02 v1.4n Standard LaTeX file (size option)
)
\c@part=\count185
\c@section=\count186
\c@subsection=\count187
\c@subsubsection=\count188
\c@paragraph=\count189
\c@subparagraph=\count190
\c@figure=\count191
\c@table=\count192
\abovecaptionskip=\skip48
\belowcaptionskip=\skip49
\bibindent=\dimen140
) (/usr/share/texmf-dist/tex/latex/amsmath/amsmath.sty
Package: amsmath 2022/04/08 v2.17n AMS math features
\@mathmargin=\skip50

For additional information on amsmath, use the `?' option.
(/usr/share/texmf-dist/tex/latex/amsmath/amstext.sty
Package: amstext 2021/08/26 v2.01 AMS text
 (/usr/share/texmf-dist/tex/latex/amsmath/amsgen.sty
File: amsgen.sty 1999/11/30 v2.0 generic functions
\@emptytoks=\toks16
\ex@=\dimen141
)) (/usr/share/texmf-dist/tex/latex/amsmath/amsbsy.sty
Package: amsbsy 1999/11/29 v1.2d Bold Symbols
\pmbraise@=\dimen142
) (/usr/share/texmf-dist/tex/latex/amsmath/amsopn.sty
Package: amsopn 2022/04/08 v2.04 operator names
)
\inf@bad=\count193
LaTeX Info: Redefining \frac on input line 234.
\uproot@=\count194
\leftroot@=\count195
LaTeX Info: Redefining \overline on input line 399.
LaTeX Info: Redefining \colon on input line 410.
\classnum@=\count196
\DOTSCASE@=\count197
LaTeX Info: Redefining \ldots on input line 496.
LaTeX Info: Redefining \dots on input line 499.
LaTeX Info: Redefining \cdots on input line 620.
\Mathstrutbox@=\box51
\strutbox@=\box52
LaTeX Info: Redefining \big on input line 722.
LaTeX Info: Redefining \Big on input line 723.
LaTeX Info: Redefining \bigg on input line 724.
LaTeX Info: Redefining \Bigg on input line 725.
\big@size=\dimen143
LaTeX Font Info:    Redeclaring font encoding OML on input line 743.
LaTeX Font Info:    Redeclaring font encoding OMS on input line 744.
\macc@depth=\count198
LaTeX Info: Redefining \bmod on input line 905.
LaTeX Info: Redefining \pmod on input line 910.
LaTeX Info: Redefining \smash on input line 940.
LaTeX Info: Redefining \relbar on input line 970.
LaTeX Info: Redefining \Relbar on input line 971.
\c@MaxMatrixCols=\count199
\dotsspace@=\muskip16
\c@parentequation=\count266
\dspbrk@lvl=\count267
\tag@help=\toks17
\row@=\count268
\column@=\count269
\maxfields@=\count270
\andhelp@=\toks18
\eqnshift@=\dimen144
\alignsep@=\dimen145
\tagshift@=\dimen146
\tagwidth@=\dimen147
\totwidth@=\dimen148
\lineht@=\dimen149
\@envbody=\toks19
\multlinegap=\skip51
\multlinetaggap=\skip52
\mathdisplay@stack=\toks20
LaTeX Info: Redefining \[ on input line 2953.
LaTeX Info: Redefining \] on input line 2954.
) (/usr/share/texmf-dist/tex/latex/amsfonts/amsfonts.sty
Package: amsfonts 2013/01/14 v3.01 Basic AMSFonts support
\symAMSa=\mathgroup4
\symAMSb=\mathgroup5
LaTeX Font Info:    Redeclaring math symbol \hbar on input line 98.
LaTeX Font Info:    Overwriting math alphabet `\mathfrak' in version `bold'
(Font)                  U/euf/m/n --> U/euf/b/n on input line 106.
) (/usr/share/texmf-dist/tex/latex/amsfonts/amssymb.sty
Package: amssymb 2013/01/14 v3.01 AMS font symbols
) (/usr/share/texmf-dist/tex/latex/enumitem/enumitem.sty
Package: enumitem 2019/06/20 v3.9 Customized lists
\enitkv@toks@=\toks21
\labelindent=\skip53
\enit@outerparindent=\dimen150
\enit@toks=\toks22
\enit@inbox=\box53
\enit@count@id=\count271
\enitdp@description=\count272
) (/usr/share/texmf-dist/tex/latex/booktabs/booktabs.sty
Package: booktabs 2020/01/12 v1.61803398 Publication quality tables
\heavyrulewidth=\dimen151
\lightrulewidth=\dimen152
\cmidrulewidth=\dimen153
\belowrulesep=\dimen154
\belowbottomsep=\dimen155
\aboverulesep=\dimen156
\abovetopsep=\dimen157
\cmidrulesep=\dimen158
\cmidrulekern=\dimen159
\defaultaddspace=\dimen160
\@cmidla=\count273
\@cmidlb=\count274
\@aboverulesep=\dimen161
\@belowrulesep=\dimen162
\@thisruleclass=\count275
\@lastruleclass=\count276
\@thisrulewidth=\dimen163
) (/usr/share/texmf-dist/tex/latex/graphics/graphicx.sty
Package: graphicx 2021/09/16 v1.2d Enhanced LaTeX Graphics (DPC,SPQR)
 (/usr/share/texmf-dist/tex/latex/graphics/keyval.sty
Package: keyval 2022/05/29 v1.15 key=value parser (DPC)
\KV@toks@=\toks23
) (/usr/share/texmf-dist/tex/latex/graphics/graphics.sty
Package: graphics 2022/03/10 v1.4e Standard LaTeX Graphics (DPC,SPQR)
 (/usr/share/texmf-dist/tex/latex/graphics/trig.sty
Package: trig 2021/08/11 v1.11 sin cos tan (DPC)
) (/usr/share/texmf-dist/tex/latex/graphics-cfg/graphics.cfg
File: graphics.cfg 2016/06/04 v1.11 sample graphics configuration
)
Package graphics Info: Driver file: pdftex.def on input line 107.
 (/usr/share/texmf-dist/tex/latex/graphics-def/pdftex.def
File: pdftex.def 2022/09/22 v1.2b Graphics/color driver for pdftex
))
\Gin@req@height=\dimen164
\Gin@req@width=\dimen165
) (/usr/share/texmf-dist/tex/latex/xcolor/xcolor.sty
Package: xcolor 2022/06/12 v2.14 LaTeX color extensions (UK)
 (/usr/share/texmf-dist/tex/latex/graphics-cfg/color.cfg
File: color.cfg 2016/01/02 v1.6 sample color configuration
)
Package xcolor Info: Driver file: pdftex.def on input line 227.
 (/usr/share/texmf-dist/tex/latex/graphics/mathcolor.ltx)
Package xcolor Info: Model `cmy' substituted by `cmy0' on input line 1353.
Package xcolor Info: Model `hsb' substituted by `rgb' on input line 1357.
Package xcolor Info: Model `RGB' extended on input line 1369.
Package xcolor Info: Model `HTML' substituted by `rgb' on input line 1371.
Package xcolor Info: Model `Hsb' substituted by `hsb' on input line 1372.
Package xcolor Info: Model `tHsb' substituted by `hsb' on input line 1373.
Package xcolor Info: Model `HSB' substituted by `hsb' on input line 1374.
Package xcolor Info: Model `Gray' substituted by `gray' on input line 1375.
Package xcolor Info: Model `wave' substituted by `hsb' on input line 1376.
) (/usr/share/texmf-dist/tex/latex/hyperref/hyperref.sty
Package: hyperref 2023-02-07 v7.00v Hypertext links for LaTeX
 (/usr/share/texmf-dist/tex/generic/ltxcmds/ltxcmds.sty
Package: ltxcmds 2020-05-10 v1.25 LaTeX kernel commands for general use (HO)
) (/usr/share/texmf-dist/tex/generic/iftex/iftex.sty
Package: iftex 2022/02/03 v1.0f TeX engine tests
) (/usr/share/texmf-dist/tex/generic/pdftexcmds/pdftexcmds.sty
Package: pdftexcmds 2020-06-27 v0.33 Utility functions of pdfTeX for LuaTeX (HO)
 (/usr/share/texmf-dist/tex/generic/infwarerr/infwarerr.sty
Package: infwarerr 2019/12/03 v1.5 Providing info/warning/error messages (HO)
)
Package pdftexcmds Info: \pdf@primitive is available.
Package pdftexcmds Info: \pdf@ifprimitive is available.
Package pdftexcmds Info: \pdfdraftmode found.
) (/usr/share/texmf-dist/tex/latex/kvsetkeys/kvsetkeys.sty
Package: kvsetkeys 2022-10-05 v1.19 Key value parser (HO)
) (/usr/share/texmf-dist/tex/generic/kvdefinekeys/kvdefinekeys.sty
Package: kvdefinekeys 2019-12-19 v1.6 Define keys (HO)
) (/usr/share/texmf-dist/tex/generic/pdfescape/pdfescape.sty
Package: pdfescape 2019/12/09 v1.15 Implements pdfTeX's escape features (HO)
) (/usr/share/texmf-dist/tex/latex/hycolor/hycolor.sty
Package: hycolor 2020-01-27 v1.10 Color options for hyperref/bookmark (HO)
) (/usr/share/texmf-dist/tex/latex/letltxmacro/letltxmacro.sty
Package: letltxmacro 2019/12/03 v1.6 Let assignment for LaTeX macros (HO)
) (/usr/share/texmf-dist/tex/latex/auxhook/auxhook.sty
Package: auxhook 2019-12-17 v1.6 Hooks for auxiliary files (HO)
) (/usr/share/texmf-dist/tex/latex/hyperref/nameref.sty
Package: nameref 2022-05-17 v2.50 Cross-referencing by name of section
 (/usr/share/texmf-dist/tex/latex/refcount/refcount.sty
Package: refcount 2019/12/15 v3.6 Data extraction from label references (HO)
) (/usr/share/texmf-dist/tex/generic/gettitlestring/gettitlestring.sty
Package: gettitlestring 2019/12/15 v1.6 Cleanup title references (HO)
 (/usr/share/texmf-dist/tex/latex/kvoptions/kvoptions.sty
Package: kvoptions 2022-06-15 v3.15 Key value format for package options (HO)
))
\c@section@level=\count277
)
\@linkdim=\dimen166
\Hy@linkcounter=\count278
\Hy@pagecounter=\count279
 (/usr/share/texmf-dist/tex/latex/hyperref/pd1enc.def
File: pd1enc.def 2023-02-07 v7.00v Hyperref: PDFDocEncoding definition (HO)
Now handling font encoding PD1 ...
... no UTF-8 mapping file for font encoding PD1
) (/usr/share/texmf-dist/tex/generic/intcalc/intcalc.sty
Package: intcalc 2019/12/15 v1.3 Expandable calculations with integers (HO)
) (/usr/share/texmf-dist/tex/generic/etexcmds/etexcmds.sty
Package: etexcmds 2019/12/15 v1.7 Avoid name clashes with e-TeX commands (HO)
)
\Hy@SavedSpaceFactor=\count280

(/usr/share/texmf-dist/tex/latex/hyperref/puenc.def
File: puenc.def 2023-02-07 v7.00v Hyperref: PDF Unicode definition (HO)
Now handling font encoding PU ...
... no UTF-8 mapping file for font encoding PU
)
Package hyperref Info: Hyper figures OFF on input line 4177.
Package hyperref Info: Link nesting OFF on input line 4182.
Package hyperref Info: Hyper index ON on input line 4185.
Package hyperref Info: Plain pages OFF on input line 4192.
Package hyperref Info: Backreferencing OFF on input line 4197.
Package hyperref Info: Implicit mode ON; LaTeX internals redefined.
Package hyperref Info: Bookmarks ON on input line 4425.
\c@Hy@tempcnt=\count281
 (/usr/share/texmf-dist/tex/latex/url/url.sty
\Urlmuskip=\muskip17
Package: url 2013/09/16  ver 3.4  Verb mode for urls, etc.
)
LaTeX Info: Redefining \url on input line 4763.
\XeTeXLinkMargin=\dimen167
 (/usr/share/texmf-dist/tex/generic/bitset/bitset.sty
Package: bitset 2019/12/09 v1.3 Handle bit-vector datatype (HO)
 (/usr/share/texmf-dist/tex/generic/bigintcalc/bigintcalc.sty
Package: bigintcalc 2019/12/15 v1.5 Expandable calculations on big integers (HO)
))
\Fld@menulength=\count282
\Field@Width=\dimen168
\Fld@charsize=\dimen169
Package hyperref Info: Hyper figures OFF on input line 6042.
Package hyperref Info: Link nesting OFF on input line 6047.
Package hyperref Info: Hyper index ON on input line 6050.
Package hyperref Info: backreferencing OFF on input line 6057.
Package hyperref Info: Link coloring OFF on input line 6062.
Package hyperref Info: Link coloring with OCG OFF on input line 6067.
Package hyperref Info: PDF/A mode OFF on input line 6072.
 (/usr/share/texmf-dist/tex/latex/base/atbegshi-ltx.sty
Package: atbegshi-ltx 2021/01/10 v1.0c Emulation of the original atbegshi
package with kernel methods
)
\Hy@abspage=\count283
\c@Item=\count284
\c@Hfootnote=\count285
)
Package hyperref Info: Driver (autodetected): hpdftex.
 (/usr/share/texmf-dist/tex/latex/hyperref/hpdftex.def
File: hpdftex.def 2023-02-07 v7.00v Hyperref driver for pdfTeX
 (/usr/share/texmf-dist/tex/latex/base/atveryend-ltx.sty
Package: atveryend-ltx 2020/08/19 v1.0a Emulation of the original atveryend package
with kernel methods
)
\Fld@listcount=\count286
\c@bookmark@seq@number=\count287
 (/usr/share/texmf-dist/tex/latex/rerunfilecheck/rerunfilecheck.sty
Package: rerunfilecheck 2022-07-10 v1.10 Rerun checks for auxiliary files (HO)
 (/usr/share/texmf-dist/tex/generic/uniquecounter/uniquecounter.sty
Package: uniquecounter 2019/12/15 v1.4 Provide unlimited unique counter (HO)
)
Package uniquecounter Info: New unique counter `rerunfilecheck' on input line 285.
)
\Hy@SectionHShift=\skip54
) (/usr/share/texmf-dist/tex/latex/starfont/starfont.sty
Package: starfont 2010/09/29 v1.2 Anthony Owen's StarFont
) (/usr/share/texmf-dist/tex/latex/koma-script/typearea.sty
Package: typearea 2022/10/12 v3.38 KOMA-Script package (type area)
 (/usr/share/texmf-dist/tex/latex/koma-script/scrkbase.sty
Package: scrkbase 2022/10/12 v3.38 KOMA-Script package (KOMA-Script-dependent basics and keyval usage)
 (/usr/share/texmf-dist/tex/latex/koma-script/scrbase.sty
Package: scrbase 2022/10/12 v3.38 KOMA-Script package (KOMA-Script-independent basics and keyval usage)
 (/usr/share/texmf-dist/tex/latex/koma-script/scrlfile.sty
Package: scrlfile 2022/10/12 v3.38 KOMA-Script package (file load hooks)
 (/usr/share/texmf-dist/tex/latex/koma-script/scrlfile-hook.sty
Package: scrlfile-hook 2022/10/12 v3.38 KOMA-Script package (using LaTeX hooks)
 (/usr/share/texmf-dist/tex/latex/koma-script/scrlogo.sty
Package: scrlogo 2022/10/12 v3.38 KOMA-Script package (logo)
)))
Applying: [2021/05/01] Usage of raw or classic option list on input line 252.
Already applied: [0000/00/00] Usage of raw or classic option list on input line 368.
))
\ta@bcor=\skip55
\ta@div=\count288
Package typearea Info: You've used standard option `a4paper'.
(typearea)             This is correct!
(typearea)             Internally I'm using `paper=a4'.
(typearea)             If you'd like to set the option with \KOMAoptions,
(typearea)             you'd have to use `paper=a4' there
(typearea)             instead of `a4paper', too.
\ta@hblk=\skip56
\ta@vblk=\skip57
\ta@temp=\skip58
\footheight=\skip59
Package typearea Info: These are the values describing the layout:
(typearea)             DIV  = 10
(typearea)             BCOR = 0.0pt
(typearea)             \paperwidth      = 597.50793pt
(typearea)              \textwidth      = 418.25555pt
(typearea)              DIV departure   = -6%
(typearea)              \evensidemargin = 17.3562pt
(typearea)              \oddsidemargin  = 17.3562pt
(typearea)             \paperheight     = 845.04694pt
(typearea)              \textheight     = 595.80026pt
(typearea)              \topmargin      = -25.16531pt
(typearea)              \headheight     = 17.0pt
(typearea)              \headsep        = 20.40001pt
(typearea)              \topskip        = 11.0pt
(typearea)              \footskip       = 47.6pt
(typearea)              \baselineskip   = 13.6pt
(typearea)              on input line 1767.
)
Package typearea Info: These are the values describing the layout:
(typearea)             DIV  = areaset
(typearea)             BCOR = 0.0pt
(typearea)             \paperwidth      = 597.50793pt
(typearea)              \textwidth      = 443.86299pt
(typearea)              \evensidemargin = 4.55247pt
(typearea)              \oddsidemargin  = 4.55247pt
(typearea)             \paperheight     = 845.04694pt
(typearea)              \textheight     = 668.63976pt
(typearea)              \topmargin      = -49.81761pt
(typearea)              \headheight     = 15.95pt
(typearea)              \headsep        = 20.40001pt
(typearea)              \topskip        = 11.0pt
(typearea)              \footskip       = 47.60002pt
(typearea)              \baselineskip   = 13.6pt
(typearea)              on input line 15.
\symstarfontsym=\mathgroup6
 (/usr/share/texmf-dist/tex/latex/l3backend/l3backend-pdftex.def
File: l3backend-pdftex.def 2023-01-16 L3 backend support: PDF output (pdfTeX)
\l__color_backend_stack_int=\count289
\l__pdf_internal_box=\box54
) (./zsm.aux)
\openout1 = `zsm.aux'.

LaTeX Font Info:    Checking defaults for OML/cmm/m/it on input line 47.
LaTeX Font Info:    ... okay on input line 47.
LaTeX Font Info:    Checking defaults for OMS/cmsy/m/n on input line 47.
LaTeX Font Info:    ... okay on input line 47.
LaTeX Font Info:    Checking defaults for OT1/cmr/m/n on input line 47.
LaTeX Font Info:    ... okay on input line 47.
LaTeX Font Info:    Checking defaults for T1/cmr/m/n on input line 47.
LaTeX Font Info:    ... okay on input line 47.
LaTeX Font Info:    Checking defaults for TS1/cmr/m/n on input line 47.
LaTeX Font Info:    ... okay on input line 47.
LaTeX Font Info:    Checking defaults for OMX/cmex/m/n on input line 47.
LaTeX Font Info:    ... okay on input line 47.
LaTeX Font Info:    Checking defaults for U/cmr/m/n on input line 47.
LaTeX Font Info:    ... okay on input line 47.
LaTeX Font Info:    Checking defaults for PD1/pdf/m/n on input line 47.
LaTeX Font Info:    ... okay on input line 47.
LaTeX Font Info:    Checking defaults for PU/pdf/m/n on input line 47.
LaTeX Font Info:    ... okay on input line 47.
 (/usr/share/texmf-dist/tex/context/base/mkii/supp-pdf.mkii
[Loading MPS to PDF converter (version 2006.09.02).]
\scratchcounter=\count290
\scratchdimen=\dimen170
\scratchbox=\box55
\nofMPsegments=\count291
\nofMParguments=\count292
\everyMPshowfont=\toks24
\MPscratchCnt=\count293
\MPscratchDim=\dimen171
\MPnumerator=\count294
\makeMPintoPDFobject=\count295
\everyMPtoPDFconversion=\toks25
) (/usr/share/texmf-dist/tex/latex/epstopdf-pkg/epstopdf-base.sty
Package: epstopdf-base 2020-01-24 v2.11 Base part for package epstopdf
Package epstopdf-base Info: Redefining graphics rule for `.eps' on input line 485.
 (/usr/share/texmf-dist/tex/latex/latexconfig/epstopdf-sys.cfg
File: epstopdf-sys.cfg 2010/07/13 v1.3 Configuration of (r)epstopdf for TeX Live
))
Package hyperref Info: Link coloring OFF on input line 47.
 (./zsm.out) (./zsm.out)
\@outlinefile=\write3
\openout3 = `zsm.out'.

LaTeX Font Info:    Trying to load font information for U+msa on input line 56.
 (/usr/share/texmf-dist/tex/latex/amsfonts/umsa.fd
File: umsa.fd 2013/01/14 v3.01 AMS symbols A
)
LaTeX Font Info:    Trying to load font information for U+msb on input line 56.
 (/usr/share/texmf-dist/tex/latex/amsfonts/umsb.fd
File: umsb.fd 2013/01/14 v3.01 AMS symbols B
) (./zsm.toc [1

{/var/lib/texmf/fonts/map/pdftex/updmap/pdftex.map}] [2])
\tf@toc=\write4
\openout4 = `zsm.toc'.

 [3]
<screenshot_2024-01-12-192223.png, id=425, 890.32625pt x 192.72pt>
File: screenshot_2024-01-12-192223.png Graphic file (type png)
<use screenshot_2024-01-12-192223.png>
Package pdftex.def Info: screenshot_2024-01-12-192223.png  used on input line 87.
(pdftex.def)             Requested size: 443.86299pt x 96.07744pt.
<screenshot_2024-01-12-190242.png, id=426, 753.81625pt x 367.3725pt>
File: screenshot_2024-01-12-190242.png Graphic file (type png)
<use screenshot_2024-01-12-190242.png>
Package pdftex.def Info: screenshot_2024-01-12-190242.png  used on input line 99.
(pdftex.def)             Requested size: 443.86299pt x 216.31624pt.
 [4{/usr/share/texmf-dist/fonts/enc/dvips/cm-super/cm-super-ts1.enc} <./screenshot_2024-01-12-192223.png (PNG copy)>] [5 <./screenshot_2024-01-12-190242.png (PNG copy)>]
<screenshot_2024-01-13-191726.png, id=441, 733.74126pt x 233.87375pt>
File: screenshot_2024-01-13-191726.png Graphic file (type png)
<use screenshot_2024-01-13-191726.png>
Package pdftex.def Info: screenshot_2024-01-13-191726.png  used on input line 144.
(pdftex.def)             Requested size: 443.86299pt x 141.47798pt.
<screenshot_2024-01-13-192049.png, id=442, 693.59125pt x 165.61874pt>
File: screenshot_2024-01-13-192049.png Graphic file (type png)
<use screenshot_2024-01-13-192049.png>
Package pdftex.def Info: screenshot_2024-01-13-192049.png  used on input line 151.
(pdftex.def)             Requested size: 443.86299pt x 105.99057pt.
<screenshot_2024-01-13-192236.png, id=443, 738.76pt x 177.66376pt>
File: screenshot_2024-01-13-192236.png Graphic file (type png)
<use screenshot_2024-01-13-192236.png>
Package pdftex.def Info: screenshot_2024-01-13-192236.png  used on input line 155.
(pdftex.def)             Requested size: 443.86299pt x 106.74275pt.
 [6 <./screenshot_2024-01-13-191726.png (PNG copy)> <./screenshot_2024-01-13-192049.png (PNG copy)>]
<screenshot_2024-01-13-195458.png, id=448, 238.8925pt x 192.72pt>
File: screenshot_2024-01-13-195458.png Graphic file (type png)
<use screenshot_2024-01-13-195458.png>
Package pdftex.def Info: screenshot_2024-01-13-195458.png  used on input line 184.
(pdftex.def)             Requested size: 266.3205pt x 214.85979pt.
 [7 <./screenshot_2024-01-13-192236.png (PNG copy)>]
<screenshot_2024-01-13-200712.png, id=454, 561.09625pt x 274.02374pt>
File: screenshot_2024-01-13-200712.png Graphic file (type png)
<use screenshot_2024-01-13-200712.png>
Package pdftex.def Info: screenshot_2024-01-13-200712.png  used on input line 202.
(pdftex.def)             Requested size: 266.3205pt x 130.06227pt.
<screenshot_2024-01-13-200901.png, id=455, 374.39874pt x 412.54124pt>
File: screenshot_2024-01-13-200901.png Graphic file (type png)
<use screenshot_2024-01-13-200901.png>
Package pdftex.def Info: screenshot_2024-01-13-200901.png  used on input line 207.
(pdftex.def)             Requested size: 266.3205pt x 293.46657pt.
 [8 <./screenshot_2024-01-13-195458.png (PNG copy)> <./screenshot_2024-01-13-200712.png (PNG copy)>]
<screenshot_2024-01-13-201929.png, id=461, 482.80376pt x 368.37625pt>
File: screenshot_2024-01-13-201929.png Graphic file (type png)
<use screenshot_2024-01-13-201929.png>
Package pdftex.def Info: screenshot_2024-01-13-201929.png  used on input line 212.
(pdftex.def)             Requested size: 266.3205pt x 203.209pt.
<screenshot_2024-02-01-193500.png, id=462, 458.71375pt x 503.8825pt>
File: screenshot_2024-02-01-193500.png Graphic file (type png)
<use screenshot_2024-02-01-193500.png>
Package pdftex.def Info: screenshot_2024-02-01-193500.png  used on input line 218.
(pdftex.def)             Requested size: 266.3205pt x 292.5596pt.
 [9 <./screenshot_2024-01-13-200901.png (PNG copy)> <./screenshot_2024-01-13-201929.png (PNG copy)>] [10 <./screenshot_2024-02-01-193500.png (PNG copy)>]
<screenshot_2024-01-14-181441.png, id=471, 669.50125pt x 405.515pt>
File: screenshot_2024-01-14-181441.png Graphic file (type png)
<use screenshot_2024-01-14-181441.png>
Package pdftex.def Info: screenshot_2024-01-14-181441.png  used on input line 250.
(pdftex.def)             Requested size: 266.3205pt x 161.31209pt.
<screenshot_2024-01-14-182015.png, id=472, 674.52pt x 401.5pt>
File: screenshot_2024-01-14-182015.png Graphic file (type png)
<use screenshot_2024-01-14-182015.png>
Package pdftex.def Info: screenshot_2024-01-14-182015.png  used on input line 258.
(pdftex.def)             Requested size: 266.3205pt x 158.52643pt.
 [11 <./screenshot_2024-01-14-181441.png (PNG copy)> <./screenshot_2024-01-14-182015.png (PNG copy)>]
<screenshot_2024-01-14-182509.png, id=478, 688.5725pt x 411.5375pt>
File: screenshot_2024-01-14-182509.png Graphic file (type png)
<use screenshot_2024-01-14-182509.png>
Package pdftex.def Info: screenshot_2024-01-14-182509.png  used on input line 263.
(pdftex.def)             Requested size: 266.3205pt x 159.16771pt.
<screenshot_2024-01-14-183945.png, id=479, 620.3175pt x 547.04375pt>
File: screenshot_2024-01-14-183945.png Graphic file (type png)
<use screenshot_2024-01-14-183945.png>
Package pdftex.def Info: screenshot_2024-01-14-183945.png  used on input line 291.
(pdftex.def)             Requested size: 221.93149pt x 195.7169pt.
 [12 <./screenshot_2024-01-14-182509.png (PNG copy)>] [13 <./screenshot_2024-01-14-183945.png (PNG copy)>] [14] [15]
<screenshot_2024-01-19-192210.png, id=512, 933.4875pt x 518.93875pt>
File: screenshot_2024-01-19-192210.png Graphic file (type png)
<use screenshot_2024-01-19-192210.png>
Package pdftex.def Info: screenshot_2024-01-19-192210.png  used on input line 439.
(pdftex.def)             Requested size: 266.3205pt x 148.04953pt.
 [16 <./screenshot_2024-01-19-192210.png (PNG copy)>]
<screenshot_2024-01-19-194120.png, id=520, 523.9575pt x 409.53pt>
File: screenshot_2024-01-19-194120.png Graphic file (type png)
<use screenshot_2024-01-19-194120.png>
Package pdftex.def Info: screenshot_2024-01-19-194120.png  used on input line 477.
(pdftex.def)             Requested size: 266.3205pt x 208.1639pt.
 [17 <./screenshot_2024-01-19-194120.png (PNG copy)>]
<screenshot_2024-01-21-173647.png, id=525, 457.71pt x 452.69125pt>
File: screenshot_2024-01-21-173647.png Graphic file (type png)
<use screenshot_2024-01-21-173647.png>
Package pdftex.def Info: screenshot_2024-01-21-173647.png  used on input line 523.
(pdftex.def)             Requested size: 266.3205pt x 263.41072pt.
 [18]
<screenshot_2024-01-21-174522.png, id=530, 354.32375pt x 346.29375pt>
File: screenshot_2024-01-21-174522.png Graphic file (type png)
<use screenshot_2024-01-21-174522.png>
Package pdftex.def Info: screenshot_2024-01-21-174522.png  used on input line 540.
(pdftex.def)             Requested size: 124.94765pt x 122.11346pt.
 [19 <./screenshot_2024-01-21-173647.png (PNG copy)> <./screenshot_2024-01-21-174522.png (PNG copy)>]
<screenshot_2024-01-21-174815.png, id=536, 343.2825pt x 360.34625pt>
File: screenshot_2024-01-21-174815.png Graphic file (type png)
<use screenshot_2024-01-21-174815.png>
Package pdftex.def Info: screenshot_2024-01-21-174815.png  used on input line 558.
(pdftex.def)             Requested size: 124.94765pt x 131.15414pt.
<screenshot_2024-01-21-180043.png, id=537, 345.29pt x 343.2825pt>
File: screenshot_2024-01-21-180043.png Graphic file (type png)
<use screenshot_2024-01-21-180043.png>
Package pdftex.def Info: screenshot_2024-01-21-180043.png  used on input line 569.
(pdftex.def)             Requested size: 124.94765pt x 124.22064pt.
 [20 <./screenshot_2024-01-21-174815.png (PNG copy)> <./screenshot_2024-01-21-180043.png (PNG copy)>] [21] [22]
<screenshot_2024-01-21-194512.png, id=552, 349.305pt x 454.69875pt>
File: screenshot_2024-01-21-194512.png Graphic file (type png)
<use screenshot_2024-01-21-194512.png>
Package pdftex.def Info: screenshot_2024-01-21-194512.png  used on input line 703.
(pdftex.def)             Requested size: 221.93149pt x 288.897pt.
 [23 <./screenshot_2024-01-21-194512.png (PNG copy)>]
<screenshot_2024-01-23-105305.png, id=558, 477.785pt x 436.63126pt>
File: screenshot_2024-01-23-105305.png Graphic file (type png)
<use screenshot_2024-01-23-105305.png>
Package pdftex.def Info: screenshot_2024-01-23-105305.png  used on input line 726.
(pdftex.def)             Requested size: 221.93149pt x 202.81157pt.
 [24 <./screenshot_2024-01-23-105305.png (PNG copy)>]
<screenshot_2024-01-23-112801.png, id=564, 468.75125pt x 474.77374pt>
File: screenshot_2024-01-23-112801.png Graphic file (type png)
<use screenshot_2024-01-23-112801.png>
Package pdftex.def Info: screenshot_2024-01-23-112801.png  used on input line 786.
(pdftex.def)             Requested size: 221.93149pt x 224.78093pt.
 [25]
<screenshot_2024-01-23-113048.png, id=570, 458.71375pt x 413.545pt>
File: screenshot_2024-01-23-113048.png Graphic file (type png)
<use screenshot_2024-01-23-113048.png>
Package pdftex.def Info: screenshot_2024-01-23-113048.png  used on input line 791.
(pdftex.def)             Requested size: 221.93149pt x 200.07687pt.
<screenshot_2024-01-23-113927.png, id=571, 700.6175pt x 417.56pt>
File: screenshot_2024-01-23-113927.png Graphic file (type png)
<use screenshot_2024-01-23-113927.png>
Package pdftex.def Info: screenshot_2024-01-23-113927.png  used on input line 803.
(pdftex.def)             Requested size: 208.24396pt x 124.10934pt.
 [26 <./screenshot_2024-01-23-112801.png (PNG copy)> <./screenshot_2024-01-23-113048.png (PNG copy)>]
<screenshot_2024-01-23-114223.png, id=576, 359.3425pt x 254.9525pt>
File: screenshot_2024-01-23-114223.png Graphic file (type png)
<use screenshot_2024-01-23-114223.png>
Package pdftex.def Info: screenshot_2024-01-23-114223.png  used on input line 815.
(pdftex.def)             Requested size: 208.24396pt x 147.75194pt.
<screenshot_2024-01-23-115246.png, id=577, 917.4275pt x 466.74374pt>
File: screenshot_2024-01-23-115246.png Graphic file (type png)
<use screenshot_2024-01-23-115246.png>
Package pdftex.def Info: screenshot_2024-01-23-115246.png  used on input line 831.
(pdftex.def)             Requested size: 221.93149pt x 112.9039pt.
 [27 <./screenshot_2024-01-23-113927.png (PNG copy)> <./screenshot_2024-01-23-114223.png (PNG copy)>]
<screenshot_2024-01-23-115334.png, id=582, 524.96124pt x 336.25626pt>
File: screenshot_2024-01-23-115334.png Graphic file (type png)
<use screenshot_2024-01-23-115334.png>
Package pdftex.def Info: screenshot_2024-01-23-115334.png  used on input line 834.
(pdftex.def)             Requested size: 221.93149pt x 142.15535pt.
<screenshot_2024-01-23-122838.png, id=583, 438.63875pt x 338.26375pt>
File: screenshot_2024-01-23-122838.png Graphic file (type png)
<use screenshot_2024-01-23-122838.png>
Package pdftex.def Info: screenshot_2024-01-23-122838.png  used on input line 863.
(pdftex.def)             Requested size: 221.93149pt x 171.14958pt.
 [28 <./screenshot_2024-01-23-115246.png (PNG copy)> <./screenshot_2024-01-23-115334.png (PNG copy)>]
<screenshot_2024-01-23-123306.png, id=588, 772.8875pt x 276.03125pt>
File: screenshot_2024-01-23-123306.png Graphic file (type png)
<use screenshot_2024-01-23-123306.png>
Package pdftex.def Info: screenshot_2024-01-23-123306.png  used on input line 870.
(pdftex.def)             Requested size: 221.93149pt x 79.25938pt.
<screenshot_2024-01-23-123659.png, id=589, 585.18625pt x 380.42125pt>
File: screenshot_2024-01-23-123659.png Graphic file (type png)
<use screenshot_2024-01-23-123659.png>
Package pdftex.def Info: screenshot_2024-01-23-123659.png  used on input line 879.
(pdftex.def)             Requested size: 221.93149pt x 144.27713pt.
 [29 <./screenshot_2024-01-23-122838.png (PNG copy)> <./screenshot_2024-01-23-123306.png (PNG copy)> <./screenshot_2024-01-23-123659.png (PNG copy)>]
<screenshot_2024-01-23-125357.png, id=594, 513.92pt x 529.98pt>
File: screenshot_2024-01-23-125357.png Graphic file (type png)
<use screenshot_2024-01-23-125357.png>
Package pdftex.def Info: screenshot_2024-01-23-125357.png  used on input line 901.
(pdftex.def)             Requested size: 221.93149pt x 228.86545pt.
<screenshot_2024-01-23-125721.png, id=595, 508.90125pt x 526.96875pt>
File: screenshot_2024-01-23-125721.png Graphic file (type png)
<use screenshot_2024-01-23-125721.png>
Package pdftex.def Info: screenshot_2024-01-23-125721.png  used on input line 907.
(pdftex.def)             Requested size: 221.93149pt x 229.80849pt.
 [30 <./screenshot_2024-01-23-125357.png (PNG copy)> <./screenshot_2024-01-23-125721.png (PNG copy)>]
<screenshot_2024-01-23-125950.png, id=600, 505.89pt x 531.9875pt>
File: screenshot_2024-01-23-125950.png Graphic file (type png)
<use screenshot_2024-01-23-125950.png>
Package pdftex.def Info: screenshot_2024-01-23-125950.png  used on input line 914.
(pdftex.def)             Requested size: 221.93149pt x 233.38524pt.
<screenshot_2024-01-23-131219.png, id=601, 573.14125pt x 321.2pt>
File: screenshot_2024-01-23-131219.png Graphic file (type png)
<use screenshot_2024-01-23-131219.png>
Package pdftex.def Info: screenshot_2024-01-23-131219.png  used on input line 930.
(pdftex.def)             Requested size: 221.93149pt x 124.37549pt.
 [31 <./screenshot_2024-01-23-125950.png (PNG copy)> <./screenshot_2024-01-23-131219.png (PNG copy)>]
<screenshot_2024-01-24-104355.png, id=608, 717.68124pt x 552.0625pt>
File: screenshot_2024-01-24-104355.png Graphic file (type png)
<use screenshot_2024-01-24-104355.png>
Package pdftex.def Info: screenshot_2024-01-24-104355.png  used on input line 954.
(pdftex.def)             Requested size: 221.93149pt x 170.71642pt.
 [32 <./screenshot_2024-01-24-104355.png (PNG copy)>]
<screenshot_2024-01-24-105703.png, id=613, 1048.91875pt x 517.935pt>
File: screenshot_2024-01-24-105703.png Graphic file (type png)
<use screenshot_2024-01-24-105703.png>
Package pdftex.def Info: screenshot_2024-01-24-105703.png  used on input line 975.
(pdftex.def)             Requested size: 399.47397pt x 197.252pt.
 [33 <./screenshot_2024-01-24-105703.png (PNG copy)>]
<screenshot_2024-01-24-113302.png, id=618, 491.8375pt x 351.3125pt>
File: screenshot_2024-01-24-113302.png Graphic file (type png)
<use screenshot_2024-01-24-113302.png>
Package pdftex.def Info: screenshot_2024-01-24-113302.png  used on input line 1028.
(pdftex.def)             Requested size: 221.93149pt x 158.52336pt.
 [34 <./screenshot_2024-01-24-113302.png (PNG copy)>]
<screenshot_2024-01-24-120045.png, id=623, 971.63pt x 532.99126pt>
File: screenshot_2024-01-24-120045.png Graphic file (type png)
<use screenshot_2024-01-24-120045.png>
Package pdftex.def Info: screenshot_2024-01-24-120045.png  used on input line 1050.
(pdftex.def)             Requested size: 443.86299pt x 243.4792pt.
<screenshot_2024-01-24-120628.png, id=624, 926.46124pt x 681.54625pt>
File: screenshot_2024-01-24-120628.png Graphic file (type png)
<use screenshot_2024-01-24-120628.png>
Package pdftex.def Info: screenshot_2024-01-24-120628.png  used on input line 1069.
(pdftex.def)             Requested size: 355.09174pt x 261.22617pt.
 [35 <./screenshot_2024-01-24-120045.png (PNG copy)>] [36 <./screenshot_2024-01-24-120628.png (PNG copy)>]
<screenshot_2024-01-24-123415.png, id=633, 985.6825pt x 329.23pt>
File: screenshot_2024-01-24-123415.png Graphic file (type png)
<use screenshot_2024-01-24-123415.png>
Package pdftex.def Info: screenshot_2024-01-24-123415.png  used on input line 1153.
(pdftex.def)             Requested size: 355.09174pt x 118.60307pt.
 [37 <./screenshot_2024-01-24-123415.png (PNG copy)>]
<screenshot_2024-01-26-124045.png, id=639, 465.74pt x 274.02374pt>
File: screenshot_2024-01-26-124045.png Graphic file (type png)
<use screenshot_2024-01-26-124045.png>
Package pdftex.def Info: screenshot_2024-01-26-124045.png  used on input line 1168.
(pdftex.def)             Requested size: 355.09174pt x 208.9292pt.
<screenshot_2024-01-26-124214.png, id=640, 758.835pt x 407.5225pt>
File: screenshot_2024-01-26-124214.png Graphic file (type png)
<use screenshot_2024-01-26-124214.png>
Package pdftex.def Info: screenshot_2024-01-26-124214.png  used on input line 1172.
(pdftex.def)             Requested size: 355.09174pt x 190.70235pt.
 [38 <./screenshot_2024-01-26-124045.png (PNG copy)> <./screenshot_2024-01-26-124214.png (PNG copy)>]
<screenshot_2024-01-26-135659.png, id=646, 305.14pt x 400.49625pt>
File: screenshot_2024-01-26-135659.png Graphic file (type png)
<use screenshot_2024-01-26-135659.png>
Package pdftex.def Info: screenshot_2024-01-26-135659.png  used on input line 1218.
(pdftex.def)             Requested size: 133.16025pt x 174.77667pt.
 [39 <./screenshot_2024-01-26-135659.png (PNG copy)>]
<screenshot_2024-01-26-140627.png, id=651, 441.65pt x 191.71625pt>
File: screenshot_2024-01-26-140627.png Graphic file (type png)
<use screenshot_2024-01-26-140627.png>
Package pdftex.def Info: screenshot_2024-01-26-140627.png  used on input line 1228.
(pdftex.def)             Requested size: 266.3205pt x 115.61278pt.
<screenshot_2024-01-26-141350.png, id=652, 186.6975pt x 437.635pt>
File: screenshot_2024-01-26-141350.png Graphic file (type png)
<use screenshot_2024-01-26-141350.png>
Package pdftex.def Info: screenshot_2024-01-26-141350.png  used on input line 1242.
(pdftex.def)             Requested size: 133.16025pt x 312.15205pt.
 [40 <./screenshot_2024-01-26-140627.png (PNG copy)> <./screenshot_2024-01-26-141350.png (PNG copy)>]
<screenshot_2024-01-26-145556.png, id=657, 740.7675pt x 313.17pt>
File: screenshot_2024-01-26-145556.png Graphic file (type png)
<use screenshot_2024-01-26-145556.png>
Package pdftex.def Info: screenshot_2024-01-26-145556.png  used on input line 1294.
(pdftex.def)             Requested size: 355.09174pt x 150.11919pt.
 [41] [42 <./screenshot_2024-01-26-145556.png (PNG copy)>]
<screenshot_2024-01-26-154109.png, id=667, 447.6725pt x 541.02126pt>
File: screenshot_2024-01-26-154109.png Graphic file (type png)
<use screenshot_2024-01-26-154109.png>
Package pdftex.def Info: screenshot_2024-01-26-154109.png  used on input line 1384.
(pdftex.def)             Requested size: 266.3205pt x 321.85797pt.
 [43]
<screenshot_2024-01-26-154432.png, id=673, 559.08875pt x 237.88875pt>
File: screenshot_2024-01-26-154432.png Graphic file (type png)
<use screenshot_2024-01-26-154432.png>
Package pdftex.def Info: screenshot_2024-01-26-154432.png  used on input line 1392.
(pdftex.def)             Requested size: 266.3205pt x 113.32138pt.
 [44 <./screenshot_2024-01-26-154109.png (PNG copy)> <./screenshot_2024-01-26-154432.png (PNG copy)>] [45] [46]
<screenshot_2024-01-27-141853.png, id=686, 845.1575pt x 473.77pt>
File: screenshot_2024-01-27-141853.png Graphic file (type png)
<use screenshot_2024-01-27-141853.png>
Package pdftex.def Info: screenshot_2024-01-27-141853.png  used on input line 1527.
(pdftex.def)             Requested size: 399.47397pt x 223.93703pt.
 [47]
<screenshot_2024-01-27-142215.png, id=691, 643.40375pt x 646.415pt>
File: screenshot_2024-01-27-142215.png Graphic file (type png)
<use screenshot_2024-01-27-142215.png>
Package pdftex.def Info: screenshot_2024-01-27-142215.png  used on input line 1532.
(pdftex.def)             Requested size: 266.3205pt x 267.57664pt.
 [48 <./screenshot_2024-01-27-141853.png (PNG copy)> <./screenshot_2024-01-27-142215.png (PNG copy)>]
<screenshot_2024-01-27-143129.png, id=697, 426.59375pt x 415.5525pt>
File: screenshot_2024-01-27-143129.png Graphic file (type png)
<use screenshot_2024-01-27-143129.png>
Package pdftex.def Info: screenshot_2024-01-27-143129.png  used on input line 1548.
(pdftex.def)             Requested size: 266.3205pt x 259.44067pt.
<screenshot_2024-01-27-143414.png, id=698, 375.4025pt x 368.37625pt>
File: screenshot_2024-01-27-143414.png Graphic file (type png)
<use screenshot_2024-01-27-143414.png>
Package pdftex.def Info: screenshot_2024-01-27-143414.png  used on input line 1555.
(pdftex.def)             Requested size: 266.3205pt x 261.35222pt.
 [49 <./screenshot_2024-01-27-143129.png (PNG copy)> <./screenshot_2024-01-27-143414.png (PNG copy)>] [50] [51]
<screenshot_2024-01-28-133552.png, id=712, 394.47375pt x 386.44376pt>
File: screenshot_2024-01-28-133552.png Graphic file (type png)
<use screenshot_2024-01-28-133552.png>
Package pdftex.def Info: screenshot_2024-01-28-133552.png  used on input line 1670.
(pdftex.def)             Requested size: 133.16025pt x 130.44566pt.
 [52 <./screenshot_2024-01-28-133552.png (PNG copy)>] [53] [54] [55] (./zsm.aux)
Package rerunfilecheck Info: File `zsm.out' has not changed.
(rerunfilecheck)             Checksum: 3437D7C7F32816F22E0481E89010A061;11235.
 ) 
Here is how much of TeX's memory you used:
 11862 strings out of 477932
 191515 string characters out of 5837865
 1870388 words of memory out of 5000000
 31710 multiletter control sequences out of 15000+600000
 528899 words of font info for 90 fonts, out of 8000000 for 9000
 14 hyphenation exceptions out of 8191
 108i,12n,106p,286b,639s stack positions out of 10000i,1000n,20000p,200000b,200000s
</usr/share/texmf-dist/fonts/type1/public/amsfonts/cm/cmbx10.pfb></usr/share/texmf-dist/fonts/type1/public/amsfonts/cm/cmbx12.pfb></usr/share/texmf-dist/fonts/type1/public/amsfonts/cm/cmex10.pfb></usr/share/texmf-dist/fonts/type1/public/amsfonts/cm/cmmi10.pfb></usr/share/texmf-dist/fonts/type1/public/amsfonts/cm/cmmi6.pfb></usr/share/texmf-dist/fonts/type1/public/amsfonts/cm/cmmi8.pfb></usr/share/texmf-dist/fonts/type1/public/amsfonts/cm/cmr10.pfb></usr/share/texmf-dist/fonts/type1/public/amsfonts/cm/cmr12.pfb></usr/share/texmf-dist/fonts/type1/public/amsfonts/cm/cmr17.pfb></usr/share/texmf-dist/fonts/type1/public/amsfonts/cm/cmr6.pfb></usr/share/texmf-dist/fonts/type1/public/amsfonts/cm/cmr8.pfb></usr/share/texmf-dist/fonts/type1/public/amsfonts/cm/cmr9.pfb></usr/share/texmf-dist/fonts/type1/public/amsfonts/cm/cmsy10.pfb></usr/share/texmf-dist/fonts/type1/public/amsfonts/cm/cmsy6.pfb></usr/share/texmf-dist/fonts/type1/public/amsfonts/cm/cmsy8.pfb></usr/share/texmf-dist/fonts/type1/public/cm-super/sfrm1095.pfb></usr/share/texmf-dist/fonts/type1/public/starfont/strfnser.pfb>
Output written on zsm.pdf (55 pages, 6494097 bytes).
PDF statistics:
 841 PDF objects out of 1000 (max. 8388607)
 689 compressed objects within 7 object streams
 155 named destinations out of 1000 (max. 500000)
 911 words of extra memory for PDF output out of 10000 (max. 10000000)

